<?xml version="1.0" encoding="UTF-8"?>
<testsuite xmlns:xsi="http://www.w3.org/2001/XMLSchema-instance" xsi:noNamespaceSchemaLocation="https://maven.apache.org/surefire/maven-surefire-plugin/xsd/surefire-test-report-3.0.xsd" version="3.0" name="testrunner.TestRunner" time="84.332" tests="2" errors="0" skipped="0" failures="0">
  <properties>
[...]
</properties>
  <testcase name="Verify User is able to handle pop up windows, frames and alerts" classname="Verify Alerts, Frame &amp; Windows Page" time="40.313">
    <system-out><![CDATA[
@allure.label.parent_suite:cucumber @allure.label.suite:EssentialFeatures @allure.label.sub_suite:Labels @smoke
Scenario: Verify User is able to handle pop up windows, frames and alerts                                                       &amp#27;[90m# src/test/resources/features/AlertsFrameWindows.feature:7&amp#27;[0m
  &amp#27;[32mGiven &amp#27;[0m&amp#27;[32muser navigates to "&amp#27;[0m&amp#27;[32m&amp#27;[1murl&amp#27;[0m&amp#27;[32m"&amp#27;[0m                                                                                                 &amp#27;[90m# stepdefinitions.LoginSteps.navigateToUrl(java.lang.String)&amp#27;[0m
  &amp#27;[32mWhen &amp#27;[0m&amp#27;[32muser clicks on "&amp#27;[0m&amp#27;[32m&amp#27;[1mAlerts, Frame & Windows&amp#27;[0m&amp#27;[32m" icon in main page&amp#27;[0m                                                               &amp#27;[90m# stepdefinitions.LoginSteps.clickOnIcon(java.lang.String)&amp#27;[0m
  &amp#27;[32mAnd &amp#27;[0m&amp#27;[32muser clicks "&amp#27;[0m&amp#27;[32m&amp#27;[1mBrowser Windows&amp#27;[0m&amp#27;[32m" navbar option in Alerts, Frame & Windows page&amp#27;[0m                                               &amp#27;[90m# stepdefinitions.AlertsFramesWindowsSteps.clickAlertFrameWinNavBar(java.lang.String)&amp#27;[0m
  &amp#27;[32mThen &amp#27;[0m&amp#27;[32mverify "&amp#27;[0m&amp#27;[32m&amp#27;[1mhttps://demoqa.com/sample&amp#27;[0m&amp#27;[32m" is url of new tab opened in Browser Windows section in Alerts, Frame & Windows page&amp#27;[0m   &amp#27;[90m# stepdefinitions.AlertsFramesWindowsSteps.verifyNewTabURL(java.lang.String)&amp#27;[0m
  &amp#27;[32mAnd &amp#27;[0m&amp#27;[32mverify "&amp#27;[0m&amp#27;[32m&amp#27;[1mhttps://demoqa.com/sample&amp#27;[0m&amp#27;[32m" is url of new window opened in Browser Windows section in Alerts, Frame & Windows page&amp#27;[0m &amp#27;[90m# stepdefinitions.AlertsFramesWindowsSteps.verifyNewWinURL(java.lang.String)&amp#27;[0m
  &amp#27;[32mWhen &amp#27;[0m&amp#27;[32muser clicks "&amp#27;[0m&amp#27;[32m&amp#27;[1mAlerts&amp#27;[0m&amp#27;[32m" navbar option in Alerts, Frame & Windows page&amp#27;[0m                                                       &amp#27;[90m# stepdefinitions.AlertsFramesWindowsSteps.clickAlertFrameWinNavBar(java.lang.String)&amp#27;[0m
  &amp#27;[32mAnd &amp#27;[0m&amp#27;[32muser enters "&amp#27;[0m&amp#27;[32m&amp#27;[1mHello&amp#27;[0m&amp#27;[32m" text and accept the alert in Alerts section in Alerts, Frame & Windows page&amp#27;[0m                           &amp#27;[90m# stepdefinitions.AlertsFramesWindowsSteps.enterTextAndAcceptAlert(java.lang.String)&amp#27;[0m
  &amp#27;[32mThen &amp#27;[0m&amp#27;[32mverify "&amp#27;[0m&amp#27;[32m&amp#27;[1mHello&amp#27;[0m&amp#27;[32m" text is accepted in alert in Alerts section in Alerts, Frame & Windows page&amp#27;[0m                               &amp#27;[90m# stepdefinitions.AlertsFramesWindowsSteps.verifyAlertText(java.lang.String)&amp#27;[0m
  &amp#27;[32mWhen &amp#27;[0m&amp#27;[32muser clicks "&amp#27;[0m&amp#27;[32m&amp#27;[1mFrames&amp#27;[0m&amp#27;[32m" navbar option in Alerts, Frame & Windows page&amp#27;[0m                                                       &amp#27;[90m# stepdefinitions.AlertsFramesWindowsSteps.clickAlertFrameWinNavBar(java.lang.String)&amp#27;[0m
  &amp#27;[32mThen &amp#27;[0m&amp#27;[32mverify "&amp#27;[0m&amp#27;[32m&amp#27;[1mThis is a sample page&amp#27;[0m&amp#27;[32m" as frame content in Frames section in Alerts, Frame & Windows page&amp#27;[0m                        &amp#27;[90m# stepdefinitions.AlertsFramesWindowsSteps.verifyFrameText(java.lang.String)&amp#27;[0m
  &amp#27;[32mWhen &amp#27;[0m&amp#27;[32muser clicks "&amp#27;[0m&amp#27;[32m&amp#27;[1mNested Frames&amp#27;[0m&amp#27;[32m" navbar option in Alerts, Frame & Windows page&amp#27;[0m                                                &amp#27;[90m# stepdefinitions.AlertsFramesWindowsSteps.clickAlertFrameWinNavBar(java.lang.String)&amp#27;[0m
  &amp#27;[32mThen &amp#27;[0m&amp#27;[32mverify Nested Child frame is displayed in Nested Frames section in Alerts, Frame & Windows page&amp#27;[0m                          &amp#27;[90m# stepdefinitions.AlertsFramesWindowsSteps.verifyNestedFrameChildText()&amp#27;[0m
]]></system-out>
    <system-err><![CDATA[SLF4J: Failed to load class "org.slf4j.impl.StaticLoggerBinder".
SLF4J: Defaulting to no-operation (NOP) logger implementation
SLF4J: See http://www.slf4j.org/codes.html#StaticLoggerBinder for further details.
]]></system-err>
  </testcase>
  <testcase name="Verify User is interact with Widgets" classname="Verify Widgets Page" time="42.564">
    <system-out><![CDATA[
@smoke
Scenario: Verify User is interact with Widgets                                                        &amp#27;[90m# src/test/resources/features/Widgets.feature:4&amp#27;[0m
  &amp#27;[32mGiven &amp#27;[0m&amp#27;[32muser navigates to "&amp#27;[0m&amp#27;[32m&amp#27;[1murl&amp#27;[0m&amp#27;[32m"&amp#27;[0m                                                                       &amp#27;[90m# stepdefinitions.LoginSteps.navigateToUrl(java.lang.String)&amp#27;[0m
  &amp#27;[32mWhen &amp#27;[0m&amp#27;[32muser clicks on "&amp#27;[0m&amp#27;[32m&amp#27;[1mWidgets&amp#27;[0m&amp#27;[32m" icon in main page&amp#27;[0m                                                     &amp#27;[90m# stepdefinitions.LoginSteps.clickOnIcon(java.lang.String)&amp#27;[0m
  &amp#27;[32mAnd &amp#27;[0m&amp#27;[32muser clicks "&amp#27;[0m&amp#27;[32m&amp#27;[1mAuto Complete&amp#27;[0m&amp#27;[32m" navbar option in Widgets page&amp#27;[0m                                       &amp#27;[90m# stepdefinitions.WidgetsSteps.clickElementNavBar(java.lang.String)&amp#27;[0m
  &amp#27;[32mAnd &amp#27;[0m&amp#27;[32muser enters "&amp#27;[0m&amp#27;[32m&amp#27;[1mBl&amp#27;[0m&amp#27;[32m" in Single color name edit box in Auto Complete section in Widgets page&amp#27;[0m         &amp#27;[90m# stepdefinitions.WidgetsSteps.fillAutocompleteTextField(java.lang.String)&amp#27;[0m
  &amp#27;[32mThen &amp#27;[0m&amp#27;[32mverify Blue color is selected in Single color name in Auto Complete section in Widgets page&amp#27;[0m    &amp#27;[90m# stepdefinitions.WidgetsSteps.verifyBlueColourSelected()&amp#27;[0m
  &amp#27;[32mWhen &amp#27;[0m&amp#27;[32muser clicks "&amp#27;[0m&amp#27;[32m&amp#27;[1mTool Tips&amp#27;[0m&amp#27;[32m" navbar option in Widgets page&amp#27;[0m                                          &amp#27;[90m# stepdefinitions.WidgetsSteps.clickElementNavBar(java.lang.String)&amp#27;[0m
  &amp#27;[32mAnd &amp#27;[0m&amp#27;[32muser hovers over button in Tool Tips section in Widgets page&amp#27;[0m                                    &amp#27;[90m# stepdefinitions.WidgetsSteps.hoverOverButton()&amp#27;[0m
  &amp#27;[32mThen &amp#27;[0m&amp#27;[32mverify "&amp#27;[0m&amp#27;[32m&amp#27;[1mYou hovered over the Button&amp#27;[0m&amp#27;[32m" tooltip is displayed in Tool Tips section in Widgets page&amp#27;[0m &amp#27;[90m# stepdefinitions.WidgetsSteps.verifyTooltip(java.lang.String)&amp#27;[0m
  &amp#27;[32mWhen &amp#27;[0m&amp#27;[32muser clicks "&amp#27;[0m&amp#27;[32m&amp#27;[1mSelect Menu&amp#27;[0m&amp#27;[32m" navbar option in Widgets page&amp#27;[0m                                        &amp#27;[90m# stepdefinitions.WidgetsSteps.clickElementNavBar(java.lang.String)&amp#27;[0m
  &amp#27;[32mAnd &amp#27;[0m&amp#27;[32muser selects "&amp#27;[0m&amp#27;[32m&amp#27;[1mAqua&amp#27;[0m&amp#27;[32m" in Old Style Select Menu in Select Menu section in Widgets page&amp#27;[0m             &amp#27;[90m# stepdefinitions.WidgetsSteps.oldStyleSelectColour(java.lang.String)&amp#27;[0m
]]></system-out>
  </testcase>
</testsuite>